<?xml version="1.0" encoding="UTF-8"?>
<!-- Generated by org.testng.reporters.JUnitReportReporter -->
<testsuite skipped="0" hostname="DESKTOP-VNPRI8J" name="com.assignment.qa.testcases.HomePageTest" tests="1" failures="0" timestamp="07 Apr 2019 14:48:25 GMT" time="21.252" errors="0">
  <testcase name="pagetitletest" time="21.252" classname="com.assignment.qa.testcases.HomePageTest"/>
</testsuite> <!-- com.assignment.qa.testcases.HomePageTest -->
