<?xml version="1.0" encoding="UTF-8"?>
<!-- Generated by org.testng.reporters.JUnitReportReporter -->
<testsuite skipped="0" hostname="DESKTOP-VNPRI8J" name="com.assignment.qa.testcases.FifthPropertyPageTest" tests="4" failures="0" timestamp="07 Apr 2019 14:48:25 GMT" time="163.550" errors="0">
  <testcase name="agentnametest" time="36.352" classname="com.assignment.qa.testcases.FifthPropertyPageTest"/>
  <testcase name="phonnotest" time="40.425" classname="com.assignment.qa.testcases.FifthPropertyPageTest"/>
  <testcase name="logotest" time="43.406" classname="com.assignment.qa.testcases.FifthPropertyPageTest"/>
  <testcase name="compareagentvaluetest" time="43.367" classname="com.assignment.qa.testcases.FifthPropertyPageTest"/>
</testsuite> <!-- com.assignment.qa.testcases.FifthPropertyPageTest -->
