<?xml version="1.0" encoding="UTF-8"?>
<!-- Generated by org.testng.reporters.JUnitReportReporter -->
<testsuite skipped="0" hostname="DESKTOP-VNPRI8J" name="com.assignment.qa.testcases.SearchResultPageTest" tests="1" failures="0" timestamp="07 Apr 2019 14:48:25 GMT" time="42.413" errors="0">
  <testcase name="titletest" time="42.413" classname="com.assignment.qa.testcases.SearchResultPageTest"/>
</testsuite> <!-- com.assignment.qa.testcases.SearchResultPageTest -->
